2019-10-01T07:33:41+00:00 CRITICAL syntax error, unexpected ':' in /home/demowebsite/public_html/erp_cars/wp-content/themes/erp-cars/about_us_template.php on line 81

2019-10-01T07:34:25+00:00 CRITICAL syntax error, unexpected '?>', expecting ':' in /home/demowebsite/public_html/erp_cars/wp-content/themes/erp-cars/about_us_template.php on line 86

2019-10-01T07:34:59+00:00 CRITICAL Uncaught Error: Call to undefined function have_post() in /home/demowebsite/public_html/erp_cars/wp-content/themes/erp-cars/about_us_template.php:81
Stack trace:
#0 /home/demowebsite/public_html/erp_cars/wp-includes/template-loader.php(78): include()
#1 /home/demowebsite/public_html/erp_cars/wp-blog-header.php(19): require_once('/home/demowebsi...')
#2 /home/demowebsite/public_html/erp_cars/index.php(17): require('/home/demowebsi...')
#3 {main}
  thrown in /home/demowebsite/public_html/erp_cars/wp-content/themes/erp-cars/about_us_template.php on line 81

2019-10-01T07:35:41+00:00 CRITICAL Uncaught Error: Call to undefined function have_post() in /home/demowebsite/public_html/erp_cars/wp-content/themes/erp-cars/about_us_template.php:81
Stack trace:
#0 /home/demowebsite/public_html/erp_cars/wp-includes/template-loader.php(78): include()
#1 /home/demowebsite/public_html/erp_cars/wp-blog-header.php(19): require_once('/home/demowebsi...')
#2 /home/demowebsite/public_html/erp_cars/index.php(17): require('/home/demowebsi...')
#3 {main}
  thrown in /home/demowebsite/public_html/erp_cars/wp-content/themes/erp-cars/about_us_template.php on line 81

2019-10-01T07:41:16+00:00 CRITICAL Uncaught Error: Call to undefined function have_post() in /home/demowebsite/public_html/erp_cars/wp-content/themes/erp-cars/about_us_template.php:81
Stack trace:
#0 /home/demowebsite/public_html/erp_cars/wp-includes/template-loader.php(78): include()
#1 /home/demowebsite/public_html/erp_cars/wp-blog-header.php(19): require_once('/home/demowebsi...')
#2 /home/demowebsite/public_html/erp_cars/index.php(17): require('/home/demowebsi...')
#3 {main}
  thrown in /home/demowebsite/public_html/erp_cars/wp-content/themes/erp-cars/about_us_template.php on line 81

2019-10-01T07:42:22+00:00 CRITICAL syntax error, unexpected 'endwhile' (T_ENDWHILE) in /home/demowebsite/public_html/erp_cars/wp-content/themes/erp-cars/about_us_template.php on line 90

2019-10-01T07:43:05+00:00 CRITICAL Uncaught Error: Call to undefined function have_post() in /home/demowebsite/public_html/erp_cars/wp-content/themes/erp-cars/about_us_template.php:91
Stack trace:
#0 /home/demowebsite/public_html/erp_cars/wp-includes/template-loader.php(78): include()
#1 /home/demowebsite/public_html/erp_cars/wp-blog-header.php(19): require_once('/home/demowebsi...')
#2 /home/demowebsite/public_html/erp_cars/index.php(17): require('/home/demowebsi...')
#3 {main}
  thrown in /home/demowebsite/public_html/erp_cars/wp-content/themes/erp-cars/about_us_template.php on line 91

2019-10-01T07:47:13+00:00 CRITICAL Uncaught Error: Call to undefined function have_post() in /home/demowebsite/public_html/erp_cars/wp-content/themes/erp-cars/about_us_template.php:83
Stack trace:
#0 /home/demowebsite/public_html/erp_cars/wp-includes/template-loader.php(78): include()
#1 /home/demowebsite/public_html/erp_cars/wp-blog-header.php(19): require_once('/home/demowebsi...')
#2 /home/demowebsite/public_html/erp_cars/index.php(17): require('/home/demowebsi...')
#3 {main}
  thrown in /home/demowebsite/public_html/erp_cars/wp-content/themes/erp-cars/about_us_template.php on line 83

2019-10-01T07:48:07+00:00 CRITICAL Uncaught Error: Call to undefined function have_post() in /home/demowebsite/public_html/erp_cars/wp-content/themes/erp-cars/about_us_template.php:83
Stack trace:
#0 /home/demowebsite/public_html/erp_cars/wp-includes/template-loader.php(78): include()
#1 /home/demowebsite/public_html/erp_cars/wp-blog-header.php(19): require_once('/home/demowebsi...')
#2 /home/demowebsite/public_html/erp_cars/index.php(17): require('/home/demowebsi...')
#3 {main}
  thrown in /home/demowebsite/public_html/erp_cars/wp-content/themes/erp-cars/about_us_template.php on line 83

2019-10-01T09:29:18+00:00 CRITICAL syntax error, unexpected '=', expecting ',' or ';' in /home/demowebsite/public_html/erp_cars/wp-content/themes/erp-cars/header.php on line 30

2019-10-01T11:25:43+00:00 CRITICAL syntax error, unexpected 'echo' (T_ECHO) in /home/demowebsite/public_html/erp_cars/wp-content/themes/erp-cars/home_template.php on line 530

